0 info it worked if it ends with ok
1 verbose cli [ '/Users/ryan/.nvm/versions/node/v0.12.7/bin/node',
1 verbose cli   '/Users/ryan/.nvm/versions/node/v0.12.7/bin/npm',
1 verbose cli   'publish' ]
2 info using npm@2.11.3
3 info using node@v0.12.7
4 verbose publish [ '.' ]
5 silly cache add args [ '.', null ]
6 verbose cache add spec .
7 silly cache add parsed spec { raw: '.',
7 silly cache add   scope: null,
7 silly cache add   name: null,
7 silly cache add   rawSpec: '.',
7 silly cache add   spec: '/Users/ryan/Projects/VentureEquityExchange/VEX-module',
7 silly cache add   type: 'directory' }
8 verbose addLocalDirectory /Users/ryan/.npm/vex-module/0.0.1/package.tgz not in flight; packing
9 verbose tar pack [ '/Users/ryan/.npm/vex-module/0.0.1/package.tgz',
9 verbose tar pack   '/Users/ryan/Projects/VentureEquityExchange/VEX-module' ]
10 verbose tarball /Users/ryan/.npm/vex-module/0.0.1/package.tgz
11 verbose folder /Users/ryan/Projects/VentureEquityExchange/VEX-module
12 info prepublish vex-module@0.0.1
13 verbose addLocalTarball adding from inside cache /Users/ryan/.npm/vex-module/0.0.1/package.tgz
14 silly cache afterAdd vex-module@0.0.1
15 verbose afterAdd /Users/ryan/.npm/vex-module/0.0.1/package/package.json not in flight; writing
16 verbose afterAdd /Users/ryan/.npm/vex-module/0.0.1/package/package.json written
17 silly publish { name: 'vex-module',
17 silly publish   version: '0.0.1',
17 silly publish   description: 'Module for setting up VΞX environment in node applications',
17 silly publish   main: 'index.js',
17 silly publish   scripts: { test: 'node test.js' },
17 silly publish   keywords: [ 'VΞX', 'Ethereum', 'Venture', 'Equity', 'Exchange' ],
17 silly publish   author: { name: 'Ryan Tate' },
17 silly publish   license: 'ISC',
17 silly publish   dependencies: { 'easy-ipc': '^0.2.2', web3: '^0.13.0' },
17 silly publish   gitHead: '4aeaef0c47341a083c771fab82f85f54f800fadb',
17 silly publish   readme: 'ERROR: No README data found!',
17 silly publish   _id: 'vex-module@0.0.1',
17 silly publish   _shasum: '8f77f458b924b782fb02ee2d6f9930fc873c160e',
17 silly publish   _from: '.' }
18 verbose getPublishConfig undefined
19 silly mapToRegistry name vex-module
20 silly mapToRegistry using default registry
21 silly mapToRegistry registry https://registry.npmjs.org/
22 silly mapToRegistry uri https://registry.npmjs.org/vex-module
23 verbose publish registryBase https://registry.npmjs.org/
24 silly publish uploading /Users/ryan/.npm/vex-module/0.0.1/package.tgz
25 verbose request uri https://registry.npmjs.org/vex-module
26 verbose request sending authorization for write operation
27 info attempt registry request try #1 at 11:12:06 AM
28 verbose request using bearer token for auth
29 verbose request id fcf781087cefc0ff
30 http request PUT https://registry.npmjs.org/vex-module
31 http 403 https://registry.npmjs.org/vex-module
32 verbose headers { 'content-type': 'application/json',
32 verbose headers   'cache-control': 'max-age=60',
32 verbose headers   'content-length': '95',
32 verbose headers   'accept-ranges': 'bytes',
32 verbose headers   date: 'Thu, 15 Oct 2015 18:12:20 GMT',
32 verbose headers   via: '1.1 varnish',
32 verbose headers   connection: 'keep-alive',
32 verbose headers   'x-served-by': 'cache-sjc3125-SJC',
32 verbose headers   'x-cache': 'MISS',
32 verbose headers   'x-cache-hits': '0',
32 verbose headers   'x-timer': 'S1444932727.749137,VS0,VE12382' }
33 verbose request invalidating /Users/ryan/.npm/registry.npmjs.org/vex-module on PUT
34 error publish Failed PUT 403
35 verbose stack Error: "You cannot publish over the previously published version 0.0.1." : vex-module
35 verbose stack     at CachingRegistryClient.<anonymous> (/Users/ryan/.nvm/versions/node/v0.12.7/lib/node_modules/npm/node_modules/npm-registry-client/lib/request.js:247:14)
35 verbose stack     at Request._callback (/Users/ryan/.nvm/versions/node/v0.12.7/lib/node_modules/npm/node_modules/npm-registry-client/lib/request.js:170:14)
35 verbose stack     at Request.self.callback (/Users/ryan/.nvm/versions/node/v0.12.7/lib/node_modules/npm/node_modules/request/request.js:354:22)
35 verbose stack     at Request.emit (events.js:110:17)
35 verbose stack     at Request.<anonymous> (/Users/ryan/.nvm/versions/node/v0.12.7/lib/node_modules/npm/node_modules/request/request.js:1207:14)
35 verbose stack     at Request.emit (events.js:129:20)
35 verbose stack     at IncomingMessage.<anonymous> (/Users/ryan/.nvm/versions/node/v0.12.7/lib/node_modules/npm/node_modules/request/request.js:1153:12)
35 verbose stack     at IncomingMessage.emit (events.js:129:20)
35 verbose stack     at _stream_readable.js:908:16
35 verbose stack     at process._tickCallback (node.js:355:11)
36 verbose statusCode 403
37 verbose pkgid vex-module
38 verbose cwd /Users/ryan/Projects/VentureEquityExchange/VEX-module
39 error Darwin 14.1.0
40 error argv "/Users/ryan/.nvm/versions/node/v0.12.7/bin/node" "/Users/ryan/.nvm/versions/node/v0.12.7/bin/npm" "publish"
41 error node v0.12.7
42 error npm  v2.11.3
43 error code E403
44 error "You cannot publish over the previously published version 0.0.1." : vex-module
45 error If you need help, you may report this error at:
45 error     <https://github.com/npm/npm/issues>
46 verbose exit [ 1, true ]
